Arguments: 
  /usr/local/bin/node /Users/aspid/.yarn/bin/yarn.js add react-native-appmetrica-push-sdk

PATH: 
  /Users/aspid/.yarn/bin:/Users/aspid/.config/yarn/global/node_modules/.bin:/usr/local/bin:/usr/bin:/bin:/usr/sbin:/sbin:/Library/Apple/usr/bin:/Users/aspid/.yarn/bin:/Users/aspid/.config/yarn/global/node_modules/.bin:/Users/aspid/Library/Android/sdk/platform-tools/:/Users/aspid/Library/Android/sdk/platform-tools/

Yarn version: 
  1.17.3

Node version: 
  15.2.1

Platform: 
  darwin x64

Trace: 
  Error: https://registry.yarnpkg.com/react-native-appmetrica-push-sdk: Not found
      at Request.params.callback [as _callback] (/Users/aspid/.yarn/lib/cli.js:66830:18)
      at Request.self.callback (/Users/aspid/.yarn/lib/cli.js:140464:22)
      at Request.emit (node:events:329:20)
      at Request.<anonymous> (/Users/aspid/.yarn/lib/cli.js:141436:10)
      at Request.emit (node:events:329:20)
      at IncomingMessage.<anonymous> (/Users/aspid/.yarn/lib/cli.js:141358:12)
      at Object.onceWrapper (node:events:435:28)
      at IncomingMessage.emit (node:events:341:22)
      at endReadableNT (node:internal/streams/readable:1294:12)
      at processTicksAndRejections (node:internal/process/task_queues:80:21)

npm manifest: 
  {
    "name": "react-native-appmetrica-push-sdk",
    "title": "Yandex AppMetrica Push SDK React Native Plugin",
    "version": "1.0.0",
    "description": "Push SDK from AppMetrica",
    "main": "index.js",
    "scripts": {
      "test": "echo \"Error: no test specified\" && exit 1"
    },
    "repository": {
      "type": "git",
      "url": "git+https://github.com/aspidvip/react-native-appmetrica-push-sdk.git"
    },
    "keywords": [
      "yandex",
      "push SDK",
      "appmetrica",
      "metrica",
      "analytics",
      "tracking",
      "react-native",
      "ecosystem:react-native",
      "react-native-ios",
      "react-native-android"
    ],
    "author": "Andrey Bondarenko",
    "license": "MIT",
    "peerDependencies": {
      "react-native": ">=0.60.0 <1.0.x"
    },
    "devDependencies": {
    }
  }

yarn manifest: 
  No manifest

Lockfile: 
  No lockfile
